SF:lib\domain\entities\no_params.dart
DA:4,0
DA:5,0
LF:2
LH:0
end_of_record
SF:lib\domain\usecases\get_coming_soon.dart
DA:11,0
DA:14,0
DA:15,0
LF:3
LH:0
end_of_record
SF:lib\domain\usecases\get_playing_now.dart
DA:11,0
DA:14,0
DA:15,0
LF:3
LH:0
end_of_record
SF:lib\domain\usecases\get_popular.dart
DA:11,0
DA:14,0
DA:15,0
LF:3
LH:0
end_of_record
SF:lib\presentation\blocs\movie_tabs\movie_tabs_state.dart
DA:6,1
DA:8,0
DA:9,0
DA:15,0
DA:21,0
DA:24,0
DA:26,0
DA:27,0
DA:34,0
DA:38,0
DA:40,0
DA:41,0
LF:12
LH:1
end_of_record
SF:lib\presentation\blocs\movie_tabs\movie_tabs_cubit.dart
DA:17,1
DA:21,2
DA:23,0
DA:24,0
DA:26,0
DA:27,0
DA:28,0
DA:29,0
DA:32,0
DA:34,0
DA:35,0
DA:36,0
DA:38,0
DA:39,0
DA:42,0
DA:43,0
LF:16
LH:2
end_of_record
SF:lib\domain\entities\app_error.dart
DA:7,0
DA:12,0
DA:13,0
DA:15,0
DA:19,1
LF:5
LH:1
end_of_record
SF:lib\domain\entities\cast_entity.dart
DA:7,0
DA:14,0
DA:15,0
LF:3
LH:0
end_of_record
SF:lib\domain\entities\movie_entity.dart
DA:12,0
DA:22,0
DA:23,0
DA:25,0
LF:4
LH:0
end_of_record
SF:lib\domain\entities\video_entity.dart
DA:6,0
DA:13,0
DA:14,0
LF:3
LH:0
end_of_record
SF:lib\domain\usecases\usecase.dart
DA:6,0
LF:1
LH:0
end_of_record
